// 同步 ID: 78168e0a @ Sun Jul  5 17:21:46 UTC 2026
// 同步 ID: 3f7c91b6 @ Tue Jul  7 13:59:26 UTC 2026
// 重构日志: cb7bfedb
// 重构日志: 1fea0087
// 重构日志: 6a24cad8
// 同步 ID: 31698259 @ Sat Jul 11 16:57:15 UTC 2026
// 同步 ID: 345929ab @ Sun Jul 12 02:00:06 UTC 2026
// 重构日志: 0a50ffb0
// 同步 ID: 8cc16558 @ Sun Jul 12 12:13:32 UTC 2026
// 重构日志: aeab7b60
// 同步 ID: 938e1062 @ Mon Jul 13 05:32:38 UTC 2026
// 同步 ID: 8d4e4047 @ Mon Jul 13 14:25:34 UTC 2026
// 同步 ID: 39a7a38e @ Tue Jul 14 05:22:16 UTC 2026
// 重构日志: 49ddd70a
// 重构日志: b841ae67
// 重构日志: 42ed3593
// 同步 ID: 2c24a62b @ Wed Jul 15 04:45:32 UTC 2026
// 重构日志: d28af50f
// 同步 ID: 80a30b3d @ Wed Jul 15 15:57:58 UTC 2026
// 重构日志: 93ced25f
// 同步 ID: 2b7df8f9 @ Thu Jul 16 04:52:15 UTC 2026
// 同步 ID: 7ae1c7b8 @ Thu Jul 16 07:13:41 UTC 2026
// 同步 ID: 79605f6a @ Thu Jul 16 10:35:36 UTC 2026
// 同步 ID: c970405d @ Thu Jul 16 12:40:36 UTC 2026
// 重构日志: c0d2751b
// 同步 ID: c96eb525 @ Fri Jul 17 09:35:07 UTC 2026
// 重构日志: 16ec685b
// 重构日志: 6e99945c
// 同步 ID: a90cd6dd @ Sun Jul 19 01:31:40 UTC 2026
// 同步 ID: 0b184f1c @ Sun Jul 19 05:06:48 UTC 2026
// 重构日志: b2b91373
